<?xml version="1.0" encoding="UTF-8"?>
<testsuite xmlns:xsi="http://www.w3.org/2001/XMLSchema-instance" xsi:noNamespaceSchemaLocation="https://maven.apache.org/surefire/maven-surefire-plugin/xsd/surefire-test-report-3.0.xsd" version="3.0" name="br.com.fby.FbyApplicationTests" time="15.508" tests="1" errors="0" skipped="0" failures="0">
  <properties>
[...]
</properties>
  <testcase name="contextLoads" classname="br.com.fby.FbyApplicationTests" time="0.579">
    <system-out><![CDATA[21:41:06.590 [main] INFO org.springframework.test.context.support.AnnotationConfigContextLoaderUtils -- Could not detect default configuration classes for test class [br.com.fby.FbyApplicationTests]: FbyApplicationTests does not declare any static, non-private, non-final, nested classes annotated with @Configuration.
21:41:06.722 [main] INFO org.springframework.boot.test.context.SpringBootTestContextBootstrapper -- Found @SpringBootConfiguration br.com.fby.FbyApplication for test class br.com.fby.FbyApplicationTests

  .   ____          _            __ _ _
 /\\ / ___'_ __ _ _(_)_ __  __ _ \ \ \ \
( ( )\___ | '_ | '_| | '_ \/ _` | \ \ \ \
 \\/  ___)| |_)| | | | | || (_| |  ) ) ) )
  '  |____| .__|_| |_|_| |_\__, | / / / /
 =========|_|==============|___/=/_/_/_/

 :: Spring Boot ::                (v3.3.2)

2025-02-22T21:41:07.175-03:00  INFO 28404 --- [fby] [           main] br.com.fby.FbyApplicationTests           : Starting FbyApplicationTests using Java 21.0.6 with PID 28404 (started by bruno in C:\Users\bruno\IdeaProjects\FBY-API)
2025-02-22T21:41:07.177-03:00  INFO 28404 --- [fby] [           main] br.com.fby.FbyApplicationTests           : No active profile set, falling back to 1 default profile: "default"
2025-02-22T21:41:08.257-03:00  INFO 28404 --- [fby] [           main] .s.d.r.c.RepositoryConfigurationDelegate : Bootstrapping Spring Data JPA repositories in DEFAULT mode.
2025-02-22T21:41:08.337-03:00  INFO 28404 --- [fby] [           main] .s.d.r.c.RepositoryConfigurationDelegate : Finished Spring Data repository scanning in 69 ms. Found 2 JPA repository interfaces.
2025-02-22T21:41:09.185-03:00  INFO 28404 --- [fby] [           main] com.zaxxer.hikari.HikariDataSource       : HikariPool-1 - Starting...
2025-02-22T21:41:11.318-03:00  INFO 28404 --- [fby] [           main] com.zaxxer.hikari.pool.HikariPool        : HikariPool-1 - Added connection org.postgresql.jdbc.PgConnection@19cdc217
2025-02-22T21:41:11.320-03:00  INFO 28404 --- [fby] [           main] com.zaxxer.hikari.HikariDataSource       : HikariPool-1 - Start completed.
2025-02-22T21:41:11.698-03:00  INFO 28404 --- [fby] [           main] org.flywaydb.core.FlywayExecutor         : Database: jdbc:postgresql://postgresfby.clo6so4sgdae.us-east-2.rds.amazonaws.com:5432/FBY (PostgreSQL 16.3)
2025-02-22T21:41:13.826-03:00  INFO 28404 --- [fby] [           main] o.f.core.internal.command.DbValidate     : Successfully validated 5 migrations (execution time 00:00.718s)
2025-02-22T21:41:15.919-03:00  INFO 28404 --- [fby] [           main] o.f.core.internal.command.DbMigrate      : Current version of schema "public": 5
2025-02-22T21:41:16.098-03:00  INFO 28404 --- [fby] [           main] o.f.core.internal.command.DbMigrate      : Schema "public" is up to date. No migration necessary.
2025-02-22T21:41:17.256-03:00  INFO 28404 --- [fby] [           main] o.hibernate.jpa.internal.util.LogHelper  : HHH000204: Processing PersistenceUnitInfo [name: default]
2025-02-22T21:41:17.346-03:00  INFO 28404 --- [fby] [           main] org.hibernate.Version                    : HHH000412: Hibernate ORM core version 6.5.2.Final
2025-02-22T21:41:17.400-03:00  INFO 28404 --- [fby] [           main] o.h.c.internal.RegionFactoryInitiator    : HHH000026: Second-level cache disabled
2025-02-22T21:41:17.771-03:00  INFO 28404 --- [fby] [           main] o.s.o.j.p.SpringPersistenceUnitInfo      : No LoadTimeWeaver setup: ignoring JPA class transformer
2025-02-22T21:41:18.180-03:00  WARN 28404 --- [fby] [           main] org.hibernate.orm.deprecation            : HHH90000025: PostgreSQLDialect does not need to be specified explicitly using 'hibernate.dialect' (remove the property setting and it will be selected by default)
2025-02-22T21:41:19.370-03:00  INFO 28404 --- [fby] [           main] o.h.m.i.EntityInstantiatorPojoStandard   : HHH000182: No default (no-argument) constructor for class: br.com.fby.domain.bank.Bank (class must be instantiated by Interceptor)
2025-02-22T21:41:19.415-03:00  INFO 28404 --- [fby] [           main] o.h.m.i.EntityInstantiatorPojoStandard   : HHH000182: No default (no-argument) constructor for class: br.com.fby.domain.payment.type.TypePayment (class must be instantiated by Interceptor)
2025-02-22T21:41:19.608-03:00  INFO 28404 --- [fby] [           main] o.h.e.t.j.p.i.JtaPlatformInitiator       : HHH000489: No JTA platform available (set 'hibernate.transaction.jta.platform' to enable JTA platform integration)
2025-02-22T21:41:19.611-03:00  INFO 28404 --- [fby] [           main] j.LocalContainerEntityManagerFactoryBean : Initialized JPA EntityManagerFactory for persistence unit 'default'
2025-02-22T21:41:20.018-03:00  INFO 28404 --- [fby] [           main] o.s.d.j.r.query.QueryEnhancerFactory     : Hibernate is in classpath; If applicable, HQL parser will be used.
2025-02-22T21:41:20.223-03:00  WARN 28404 --- [fby] [           main] JpaBaseConfiguration$JpaWebConfiguration : spring.jpa.open-in-view is enabled by default. Therefore, database queries may be performed during view rendering. Explicitly configure spring.jpa.open-in-view to disable this warning
2025-02-22T21:41:20.271-03:00  INFO 28404 --- [fby] [           main] r$InitializeUserDetailsManagerConfigurer : Global AuthenticationManager configured with UserDetailsService bean with name userDetailsServiceImpl
2025-02-22T21:41:21.294-03:00  INFO 28404 --- [fby] [           main] br.com.fby.FbyApplicationTests           : Started FbyApplicationTests in 14.39 seconds (process running for 15.52)
]]></system-out>
    <system-err><![CDATA[WARNING: A Java agent has been loaded dynamically (C:\Users\bruno\.m2\repository\net\bytebuddy\byte-buddy-agent\1.14.18\byte-buddy-agent-1.14.18.jar)
WARNING: If a serviceability tool is in use, please run with -XX:+EnableDynamicAgentLoading to hide this warning
WARNING: If a serviceability tool is not in use, please run with -Djdk.instrument.traceUsage for more information
WARNING: Dynamic loading of agents will be disallowed by default in a future release
]]></system-err>
  </testcase>
</testsuite>